# JRE version: Java(TM) SE Runtime Environment (8.0_60-b27) (build 1.8.0_60-b27)
# Java VM: Java HotSpot(TM) 64-Bit Server VM (25.60-b23 mixed mode bsd-amd64 compressed oops)
Heap:
 PSYoungGen      total 360960K, used 148019K [0x0000000795580000, 0x00000007ac880000, 0x00000007c0000000)
  eden space 343040K, 43% used [0x0000000795580000,0x000000079e60cf80,0x00000007aa480000)
  from space 17920K, 0% used [0x00000007ab700000,0x00000007ab700000,0x00000007ac880000)
  to   space 18432K, 0% used [0x00000007aa480000,0x00000007aa480000,0x00000007ab680000)
 ParOldGen       total 99840K, used 31170K [0x0000000740000000, 0x0000000746180000, 0x0000000795580000)
  object space 99840K, 31% used [0x0000000740000000,0x0000000741e708b0,0x0000000746180000)
 Metaspace       used 41083K, capacity 43464K, committed 43776K, reserved 1087488K
  class space    used 5598K, capacity 6054K, committed 6144K, reserved 1048576K
GC Heap History (10 events):
Event: 5.617 GC heap before
{Heap before GC invocations=9 (full 1):
 PSYoungGen      total 175616K, used 40377K [0x0000000795580000, 0x00000007a6b00000, 0x00000007c0000000)
  eden space 159744K, 15% used [0x0000000795580000,0x0000000796d708c8,0x000000079f180000)
  from space 15872K, 99% used [0x000000079f180000,0x00000007a00fde18,0x00000007a0100000)
  to   space 18432K, 0% used [0x00000007a5900000,0x00000007a5900000,0x00000007a6b00000)
 ParOldGen       total 63488K, used 23413K [0x0000000740000000, 0x0000000743e00000, 0x0000000795580000)
  object space 63488K, 36% used [0x0000000740000000,0x00000007416dd668,0x0000000743e00000)
 Metaspace       used 33786K, capacity 35380K, committed 35456K, reserved 1079296K
  class space    used 4589K, capacity 4921K, committed 4992K, reserved 1048576K
Event: 5.642 GC heap after
Heap after GC invocations=9 (full 1):
 PSYoungGen      total 265728K, used 12914K [0x0000000795580000, 0x00000007a8b80000, 0x00000007c0000000)
  eden space 247296K, 0% used [0x0000000795580000,0x0000000795580000,0x00000007a4700000)
  from space 18432K, 70% used [0x00000007a5900000,0x00000007a659c970,0x00000007a6b00000)
  to   space 18432K, 0% used [0x00000007a4700000,0x00000007a4700000,0x00000007a5900000)
 ParOldGen       total 63488K, used 26554K [0x0000000740000000, 0x0000000743e00000, 0x0000000795580000)
  object space 63488K, 41% used [0x0000000740000000,0x00000007419ee9f0,0x0000000743e00000)
 Metaspace       used 33786K, capacity 35380K, committed 35456K, reserved 1079296K
  class space    used 4589K, capacity 4921K, committed 4992K, reserved 1048576K
}
Event: 5.642 GC heap before
{Heap before GC invocations=10 (full 2):
 PSYoungGen      total 265728K, used 12914K [0x0000000795580000, 0x00000007a8b80000, 0x00000007c0000000)
  eden space 247296K, 0% used [0x0000000795580000,0x0000000795580000,0x00000007a4700000)
  from space 18432K, 70% used [0x00000007a5900000,0x00000007a659c970,0x00000007a6b00000)
  to   space 18432K, 0% used [0x00000007a4700000,0x00000007a4700000,0x00000007a5900000)
 ParOldGen       total 63488K, used 26554K [0x0000000740000000, 0x0000000743e00000, 0x0000000795580000)
  object space 63488K, 41% used [0x0000000740000000,0x00000007419ee9f0,0x0000000743e00000)
 Metaspace       used 33786K, capacity 35380K, committed 35456K, reserved 1079296K
  class space    used 4589K, capacity 4921K, committed 4992K, reserved 1048576K
Event: 5.761 GC heap after
Heap after GC invocations=10 (full 2):
 PSYoungGen      total 265728K, used 0K [0x0000000795580000, 0x00000007a8b80000, 0x00000007c0000000)
  eden space 247296K, 0% used [0x0000000795580000,0x0000000795580000,0x00000007a4700000)
  from space 18432K, 0% used [0x00000007a5900000,0x00000007a5900000,0x00000007a6b00000)
  to   space 18432K, 0% used [0x00000007a4700000,0x00000007a4700000,0x00000007a5900000)
 ParOldGen       total 99840K, used 30262K [0x0000000740000000, 0x0000000746180000, 0x0000000795580000)
  object space 99840K, 30% used [0x0000000740000000,0x0000000741d8db40,0x0000000746180000)
 Metaspace       used 33786K, capacity 35380K, committed 35456K, reserved 1079296K
  class space    used 4589K, capacity 4921K, committed 4992K, reserved 1048576K
}
Event: 85.950 GC heap before
{Heap before GC invocations=11 (full 2):
 PSYoungGen      total 265728K, used 247296K [0x0000000795580000, 0x00000007a8b80000, 0x00000007c0000000)
  eden space 247296K, 100% used [0x0000000795580000,0x00000007a4700000,0x00000007a4700000)
  from space 18432K, 0% used [0x00000007a5900000,0x00000007a5900000,0x00000007a6b00000)
  to   space 18432K, 0% used [0x00000007a4700000,0x00000007a4700000,0x00000007a5900000)
 ParOldGen       total 99840K, used 30262K [0x0000000740000000, 0x0000000746180000, 0x0000000795580000)
  object space 99840K, 30% used [0x0000000740000000,0x0000000741d8db40,0x0000000746180000)
 Metaspace       used 40868K, capacity 43140K, committed 43392K, reserved 1087488K
  class space    used 5565K, capacity 6003K, committed 6016K, reserved 1048576K
Event: 85.976 GC heap after
Heap after GC invocations=11 (full 2):
 PSYoungGen      total 265728K, used 13812K [0x0000000795580000, 0x00000007ac980000, 0x00000007c0000000)
  eden space 247296K, 0% used [0x0000000795580000,0x0000000795580000,0x00000007a4700000)
  from space 18432K, 74% used [0x00000007a4700000,0x00000007a547d228,0x00000007a5900000)
  to   space 18944K, 0% used [0x00000007ab700000,0x00000007ab700000,0x00000007ac980000)
 ParOldGen       total 99840K, used 30270K [0x0000000740000000, 0x0000000746180000, 0x0000000795580000)
  object space 99840K, 30% used [0x0000000740000000,0x0000000741d8fb40,0x0000000746180000)
 Metaspace       used 40868K, capacity 43140K, committed 43392K, reserved 1087488K
  class space    used 5565K, capacity 6003K, committed 6016K, reserved 1048576K
}
Event: 446.879 GC heap before
{Heap before GC invocations=12 (full 2):
 PSYoungGen      total 265728K, used 59458K [0x0000000795580000, 0x00000007ac980000, 0x00000007c0000000)
  eden space 247296K, 18% used [0x0000000795580000,0x00000007982137d0,0x00000007a4700000)
  from space 18432K, 74% used [0x00000007a4700000,0x00000007a547d228,0x00000007a5900000)
  to   space 18944K, 0% used [0x00000007ab700000,0x00000007ab700000,0x00000007ac980000)
 ParOldGen       total 99840K, used 30270K [0x0000000740000000, 0x0000000746180000, 0x0000000795580000)
  object space 99840K, 30% used [0x0000000740000000,0x0000000741d8fb40,0x0000000746180000)
 Metaspace       used 41014K, capacity 43338K, committed 43520K, reserved 1087488K
  class space    used 5588K, capacity 6043K, committed 6144K, reserved 1048576K
Event: 446.925 GC heap after
Heap after GC invocations=12 (full 2):
 PSYoungGen      total 360960K, used 9280K [0x0000000795580000, 0x00000007ac880000, 0x00000007c0000000)
  eden space 343040K, 0% used [0x0000000795580000,0x0000000795580000,0x00000007aa480000)
  from space 17920K, 51% used [0x00000007ab700000,0x00000007ac010030,0x00000007ac880000)
  to   space 18432K, 0% used [0x00000007aa480000,0x00000007aa480000,0x00000007ab680000)
 ParOldGen       total 99840K, used 30278K [0x0000000740000000, 0x0000000746180000, 0x0000000795580000)
  object space 99840K, 30% used [0x0000000740000000,0x0000000741d91b40,0x0000000746180000)
 Metaspace       used 41014K, capacity 43338K, committed 43520K, reserved 1087488K
  class space    used 5588K, capacity 6043K, committed 6144K, reserved 1048576K
}
Event: 446.925 GC heap before
{Heap before GC invocations=13 (full 3):
 PSYoungGen      total 360960K, used 9280K [0x0000000795580000, 0x00000007ac880000, 0x00000007c0000000)
  eden space 343040K, 0% used [0x0000000795580000,0x0000000795580000,0x00000007aa480000)
  from space 17920K, 51% used [0x00000007ab700000,0x00000007ac010030,0x00000007ac880000)
  to   space 18432K, 0% used [0x00000007aa480000,0x00000007aa480000,0x00000007ab680000)
 ParOldGen       total 99840K, used 30278K [0x0000000740000000, 0x0000000746180000, 0x0000000795580000)
  object space 99840K, 30% used [0x0000000740000000,0x0000000741d91b40,0x0000000746180000)
 Metaspace       used 41014K, capacity 43338K, committed 43520K, reserved 1087488K
  class space    used 5588K, capacity 6043K, committed 6144K, reserved 1048576K
Event: 447.174 GC heap after
Heap after GC invocations=13 (full 3):
 PSYoungGen      total 360960K, used 0K [0x0000000795580000, 0x00000007ac880000, 0x00000007c0000000)
  eden space 343040K, 0% used [0x0000000795580000,0x0000000795580000,0x00000007aa480000)
  from space 17920K, 0% used [0x00000007ab700000,0x00000007ab700000,0x00000007ac880000)
  to   space 18432K, 0% used [0x00000007aa480000,0x00000007aa480000,0x00000007ab680000)
 ParOldGen       total 99840K, used 31170K [0x0000000740000000, 0x0000000746180000, 0x0000000795580000)
  object space 99840K, 31% used [0x0000000740000000,0x0000000741e708b0,0x0000000746180000)
 Metaspace       used 41014K, capacity 43338K, committed 43520K, reserved 1087488K
  class space    used 5588K, capacity 6043K, committed 6144K, reserved 1048576K
}

